#
# A fatal error has been detected by the Java Runtime Environment:
#
#  EXCEPTION_ACCESS_VIOLATION (0xc0000005) at pc=0x00000000755b73a4, pid=5644, tid=0x0000000000001b2c
#
# JRE version: Java(TM) SE Runtime Environment (8.0_241-b07) (build 1.8.0_241-b07)
# Java VM: Java HotSpot(TM) 64-Bit Server VM (25.241-b07 mixed mode windows-amd64 compressed oops)
# Problematic frame:
# V  [jvm.dll+0xf73a4]
#
# Failed to write core dump. Minidumps are not enabled by default on client versions of Windows
#
# If you would like to submit a bug report, please visit:
#   http://bugreport.java.com/bugreport/crash.jsp
#

---------------  T H R E A D  ---------------

Current thread (0x0000000017cb7800):  VMThread [stack: 0x0000000018d40000,0x0000000018e40000] [id=6956]

siginfo: ExceptionCode=0xc0000005, reading address 0x0000000017914740

Registers:
RAX=0x0000000000164060, RBX=0x00000000177b0030, RCX=0x00000000177b06d0, RDX=0x000000000000b203
RSP=0x0000000018e3f458, RBP=0x0000000000000086, RSI=0x0000000018e3f740, RDI=0x0000000018e3f740
R8 =0x0000000000000000, R9 =0x00000000177b0030, R10=0x000000000000b203, R11=0x00000000177b058e
R12=0x0000000000000001, R13=0x0000000000000001, R14=0x00000000000003d8, R15=0x0000000018e3f560
RIP=0x00000000755b73a4, EFLAGS=0x0000000000010206

Top of Stack: (sp=0x0000000018e3f458)
0x0000000018e3f458:   00000000755bf41c 0000000018e3f740
0x0000000018e3f468:   00000000031208da 0000e3352c00e578
0x0000000018e3f478:   000000007557261e 0000000000000000
0x0000000018e3f488:   00000000177b0638 0000000046000080
0x0000000018e3f498:   0000000018e3f5b0 0000e3352c00e258
0x0000000018e3f4a8:   00000000755bfa45 0000000018e3f570
0x0000000018e3f4b8:   0000000000000001 0000000018e3f580
0x0000000018e3f4c8:   0000000018e3f740 0000000018e3f5b0
0x0000000018e3f4d8:   00000000755c2660 0000000000000086
0x0000000018e3f4e8:   0000000000000086 0000000018e3f580
0x0000000018e3f4f8:   00000000755bf8cf 0000000000000086
0x0000000018e3f508:   0000000018e3f5b0 0000000018e3f570
0x0000000018e3f518:   000000000000009e 00000000177b0638
0x0000000018e3f528:   00000000755c31bf 0000000018e3f740
0x0000000018e3f538:   0000000018e3f5b0 0000000017bc55d8
0x0000000018e3f548:   00000000177b0638 000000000000000d 

Instructions: (pc=0x00000000755b73a4)
0x00000000755b7384:   18 f7 d2 48 63 c2 48 c1 e0 05 48 8b 44 08 10 0f
0x00000000755b7394:   b7 c0 41 0f b7 44 c1 52 c3 48 63 c2 48 c1 e0 05
0x00000000755b73a4:   48 8b 44 08 10 0f b7 d0 48 63 c2 41 0f b7 44 c1
0x00000000755b73b4:   52 c3 49 8b 41 08 48 63 ca 0f b6 44 08 04 3c 12 


Register to memory mapping:

RAX=0x0000000000164060 is an unknown value
RBX=0x00000000177b0030 is pointing into metadata
RCX=0x00000000177b06d0 is pointing into metadata
RDX=0x000000000000b203 is an unknown value
RSP=0x0000000018e3f458 is an unknown value
RBP=0x0000000000000086 is an unknown value
RSI=0x0000000018e3f740 is an unknown value
RDI=0x0000000018e3f740 is an unknown value
R8 =0x0000000000000000 is an unknown value
R9 =0x00000000177b0030 is pointing into metadata
R10=0x000000000000b203 is an unknown value
R11=0x00000000177b058e is pointing into metadata
R12=0x0000000000000001 is an unknown value
R13=0x0000000000000001 is an unknown value
R14=0x00000000000003d8 is an unknown value
R15=0x0000000018e3f560 is an unknown value


Stack: [0x0000000018d40000,0x0000000018e40000],  sp=0x0000000018e3f458,  free space=1021k
Native frames: (J=compiled Java code, j=interpreted, Vv=VM code, C=native code)
V  [jvm.dll+0xf73a4]

VM_Operation (0x000000001973efa0): GetOrSetLocal, mode: safepoint, requested by thread 0x000000001904f000


---------------  P R O C E S S  ---------------

Java Threads: ( => current thread )
  0x00000000190f7000 JavaThread "Service Thread" daemon [_thread_blocked, id=2652, stack(0x0000000019c40000,0x0000000019d40000)]
  0x00000000190ec000 JavaThread "C1 CompilerThread2" daemon [_thread_blocked, id=5396, stack(0x0000000019b40000,0x0000000019c40000)]
  0x00000000190e5000 JavaThread "C2 CompilerThread1" daemon [_thread_blocked, id=3492, stack(0x0000000019a40000,0x0000000019b40000)]
  0x00000000190e4000 JavaThread "C2 CompilerThread0" daemon [_thread_blocked, id=7084, stack(0x0000000019940000,0x0000000019a40000)]
  0x000000001905e000 JavaThread "JDWP Command Reader" daemon [_thread_in_native, id=1544, stack(0x0000000019840000,0x0000000019940000)]
  0x000000001905b000 JavaThread "JDWP Event Helper Thread" daemon [_thread_blocked, id=1200, stack(0x0000000019740000,0x0000000019840000)]
  0x000000001904f000 JavaThread "JDWP Transport Listener: dt_socket" daemon [_thread_blocked, id=5188, stack(0x0000000019640000,0x0000000019740000)]
  0x0000000017ce8800 JavaThread "Attach Listener" daemon [_thread_blocked, id=4692, stack(0x0000000019540000,0x0000000019640000)]
  0x0000000017d4e800 JavaThread "Signal Dispatcher" daemon [_thread_blocked, id=832, stack(0x0000000019440000,0x0000000019540000)]
  0x000000000301c000 JavaThread "Finalizer" daemon [_thread_blocked, id=932, stack(0x0000000018f40000,0x0000000019040000)]
  0x0000000003013000 JavaThread "Reference Handler" daemon [_thread_blocked, id=6008, stack(0x0000000018e40000,0x0000000018f40000)]
  0x0000000002f22800 JavaThread "main" [_thread_blocked, id=2520, stack(0x00000000010e0000,0x00000000011e0000)]

Other Threads:
=>0x0000000017cb7800 VMThread [stack: 0x0000000018d40000,0x0000000018e40000] [id=6956]
  0x0000000019100800 WatcherThread [stack: 0x0000000019d40000,0x0000000019e40000] [id=5460]

VM state:at safepoint (normal execution)

VM Mutex/Monitor currently owned by a thread:  ([mutex/lock_event])
[0x0000000002f1e0d0] Threads_lock - owner thread: 0x0000000017cb7800

heap address: 0x0000000080800000, size: 2040 MB, Compressed Oops mode: 32-bit
Narrow klass base: 0x0000000000000000, Narrow klass shift: 3
Compressed class space size: 1073741824 Address: 0x0000000100000000

Heap:
 PSYoungGen      total 38400K, used 8028K [0x00000000d5800000, 0x00000000d8280000, 0x0000000100000000)
  eden space 33280K, 24% used [0x00000000d5800000,0x00000000d5fd7148,0x00000000d7880000)
  from space 5120K, 0% used [0x00000000d7d80000,0x00000000d7d80000,0x00000000d8280000)
  to   space 5120K, 0% used [0x00000000d7880000,0x00000000d7880000,0x00000000d7d80000)
 ParOldGen       total 87552K, used 0K [0x0000000080800000, 0x0000000085d80000, 0x00000000d5800000)
  object space 87552K, 0% used [0x0000000080800000,0x0000000080800000,0x0000000085d80000)
 Metaspace       used 5893K, capacity 5982K, committed 6016K, reserved 1056768K
  class space    used 621K, capacity 629K, committed 640K, reserved 1048576K

Card table byte_map: [0x00000000124e0000,0x00000000128e0000] byte_map_base: 0x00000000120dc000

Marking Bits: (ParMarkBitMap*) 0x0000000075cebe30
 Begin Bits: [0x0000000012f90000, 0x0000000014f70000)
 End Bits:   [0x0000000014f70000, 0x0000000016f50000)

Polling page: 0x00000000011e0000

CodeCache: size=245760Kb used=1620Kb max_used=1630Kb free=244139Kb
 bounds [0x0000000003120000, 0x0000000003390000, 0x0000000012120000]
 total_blobs=509 nmethods=209 adapters=221
 compilation: enabled

Compilation events (10 events):
Event: 1695.830 Thread 0x00000000190e4000  206       4       org.eclipse.jdt.launching.internal.org.objectweb.asm.ClassReader::readUTF8 (23 bytes)
Event: 1695.830 Thread 0x00000000190e5000  207       4       org.eclipse.jdt.launching.internal.org.objectweb.asm.ClassReader::readUtf (44 bytes)
Event: 1695.831 Thread 0x00000000190ec000  208       3       org.eclipse.jdt.launching.internal.org.objectweb.asm.MethodWriter::visitFrame (787 bytes)
Event: 1695.832 Thread 0x00000000190e5000 nmethod 207 0x00000000032aca50 code [0x00000000032acba0, 0x00000000032ace48]
Event: 1695.833 Thread 0x00000000190e5000  209       4       org.eclipse.jdt.launching.internal.org.objectweb.asm.ByteVector::putShort (52 bytes)
Event: 1695.833 Thread 0x00000000190ec000 nmethod 208 0x00000000032b3950 code [0x00000000032b3e00, 0x00000000032b5fe8]
Event: 1695.834 Thread 0x00000000190e4000 nmethod 206 0x00000000032b2fd0 code [0x00000000032b3140, 0x00000000032b3508]
Event: 1695.834 Thread 0x00000000190e5000 nmethod 209 0x000000000323fb50 code [0x000000000323fca0, 0x000000000323fea8]
Event: 1756.406 Thread 0x00000000190ec000  210       3       org.eclipse.jdt.launching.internal.org.objectweb.asm.Label::addForwardReference (102 bytes)
Event: 1756.407 Thread 0x00000000190ec000 nmethod 210 0x00000000032b2750 code [0x00000000032b28e0, 0x00000000032b2d68]

GC Heap History (0 events):
No events

Deoptimization events (0 events):
No events

Classes redefined (10 events):
Event: 992.456 Thread 0x0000000017cb7800 redefined class name=ForTest18, count=28
Event: 1003.994 Thread 0x0000000017cb7800 redefined class name=ForTest18, count=29
Event: 1212.027 Thread 0x0000000017cb7800 redefined class name=ForTest18, count=30
Event: 1332.052 Thread 0x0000000017cb7800 redefined class name=ForTest18, count=31
Event: 1571.321 Thread 0x0000000017cb7800 redefined class name=ForTest18, count=32
Event: 1580.715 Thread 0x0000000017cb7800 redefined class name=ForTest18, count=33
Event: 1666.513 Thread 0x0000000017cb7800 redefined class name=ForTest18, count=34
Event: 1695.834 Thread 0x0000000017cb7800 redefined class name=ForTest18, count=35
Event: 1728.370 Thread 0x0000000017cb7800 redefined class name=ForTest18, count=36
Event: 1756.408 Thread 0x0000000017cb7800 redefined class name=ForTest18, count=37

Internal exceptions (6 events):
Event: 0.026 Thread 0x0000000002f22800 Exception <a 'java/lang/NoSuchMethodError': Method sun.misc.Unsafe.defineClass(Ljava/lang/String;[BII)Ljava/lang/Class; name or signature does not match> (0x00000000d5807cc0) thrown at [C:\ade\jenkins\workspace\8-2-build-windows-amd64-cygwin\jdk8u241\331\
Event: 0.026 Thread 0x0000000002f22800 Exception <a 'java/lang/NoSuchMethodError': Method sun.misc.Unsafe.prefetchRead(Ljava/lang/Object;J)V name or signature does not match> (0x00000000d5807fa8) thrown at [C:\ade\jenkins\workspace\8-2-build-windows-amd64-cygwin\jdk8u241\331\hotspot\src\share\
Event: 0.282 Thread 0x0000000002f22800 Exception <a 'java/security/PrivilegedActionException'> (0x00000000d5e35668) thrown at [C:\ade\jenkins\workspace\8-2-build-windows-amd64-cygwin\jdk8u241\331\hotspot\src\share\vm\prims\jvm.cpp, line 1502]
Event: 0.282 Thread 0x0000000002f22800 Exception <a 'java/security/PrivilegedActionException'> (0x00000000d5e35a60) thrown at [C:\ade\jenkins\workspace\8-2-build-windows-amd64-cygwin\jdk8u241\331\hotspot\src\share\vm\prims\jvm.cpp, line 1502]
Event: 0.282 Thread 0x0000000002f22800 Exception <a 'java/security/PrivilegedActionException'> (0x00000000d5e39b58) thrown at [C:\ade\jenkins\workspace\8-2-build-windows-amd64-cygwin\jdk8u241\331\hotspot\src\share\vm\prims\jvm.cpp, line 1502]
Event: 0.282 Thread 0x0000000002f22800 Exception <a 'java/security/PrivilegedActionException'> (0x00000000d5e39f50) thrown at [C:\ade\jenkins\workspace\8-2-build-windows-amd64-cygwin\jdk8u241\331\hotspot\src\share\vm\prims\jvm.cpp, line 1502]

Events (10 events):
Event: 1728.380 Executing VM operation: GetCurrentContendedMonitor done
Event: 1756.407 Executing VM operation: RedefineClasses
Event: 1756.408 Executing VM operation: RedefineClasses done
Event: 1756.411 Executing VM operation: ChangeBreakpoints
Event: 1756.411 Executing VM operation: ChangeBreakpoints done
Event: 1756.418 Executing VM operation: GetOwnedMonitorInfo
Event: 1756.419 Executing VM operation: GetOwnedMonitorInfo done
Event: 1756.419 Executing VM operation: GetCurrentContendedMonitor
Event: 1756.419 Executing VM operation: GetCurrentContendedMonitor done
Event: 1786.563 Executing VM operation: GetOrSetLocal


Dynamic libraries:
0x00007ff6c6b70000 - 0x00007ff6c6ba7000 	C:\Program Files\Java\jdk1.8.0_241\bin\javaw.exe
0x00007ffc35130000 - 0x00007ffc3531d000 	C:\Windows\SYSTEM32\ntdll.dll
0x00007ffc33230000 - 0x00007ffc332e3000 	C:\Windows\System32\KERNEL32.DLL
0x00007ffc31df0000 - 0x00007ffc32083000 	C:\Windows\System32\KERNELBASE.dll
0x00007ffc32600000 - 0x00007ffc326a3000 	C:\Windows\System32\ADVAPI32.dll
0x00007ffc32fb0000 - 0x00007ffc3304e000 	C:\Windows\System32\msvcrt.dll
0x00007ffc32880000 - 0x00007ffc3291e000 	C:\Windows\System32\sechost.dll
0x00007ffc32370000 - 0x00007ffc32492000 	C:\Windows\System32\RPCRT4.dll
0x00007ffc34ef0000 - 0x00007ffc35087000 	C:\Windows\System32\USER32.dll
0x00007ffc31dd0000 - 0x00007ffc31df0000 	C:\Windows\System32\win32u.dll
0x00007ffc32980000 - 0x00007ffc329a9000 	C:\Windows\System32\GDI32.dll
0x00007ffc31c30000 - 0x00007ffc31dc9000 	C:\Windows\System32\gdi32full.dll
0x00007ffc31b40000 - 0x00007ffc31be0000 	C:\Windows\System32\msvcp_win.dll
0x00007ffc312d0000 - 0x00007ffc313ca000 	C:\Windows\System32\ucrtbase.dll
0x00007ffc265a0000 - 0x00007ffc26819000 	C:\Windows\WinSxS\amd64_microsoft.windows.common-controls_6595b64144ccf1df_6.0.17763.1039_none_de701650534c7021\COMCTL32.dll
0x00007ffc329b0000 - 0x00007ffc32cdc000 	C:\Windows\System32\combase.dll
0x00007ffc32090000 - 0x00007ffc3210e000 	C:\Windows\System32\bcryptPrimitives.dll
0x00007ffc32ce0000 - 0x00007ffc32d0e000 	C:\Windows\System32\IMM32.DLL
0x0000000075d70000 - 0x0000000075e42000 	C:\Program Files\Java\jdk1.8.0_241\jre\bin\msvcr100.dll
0x00000000754c0000 - 0x0000000075d6c000 	C:\Program Files\Java\jdk1.8.0_241\jre\bin\server\jvm.dll
0x00007ffc32eb0000 - 0x00007ffc32eb8000 	C:\Windows\System32\PSAPI.DLL
0x00007ffc2d9a0000 - 0x00007ffc2d9a9000 	C:\Windows\SYSTEM32\WSOCK32.dll
0x00007ffc2f0c0000 - 0x00007ffc2f0e4000 	C:\Windows\SYSTEM32\WINMM.dll
0x00007ffc35090000 - 0x00007ffc350fd000 	C:\Windows\System32\WS2_32.dll
0x00007ffc2d3b0000 - 0x00007ffc2d3ba000 	C:\Windows\SYSTEM32\VERSION.dll
0x00007ffc2f090000 - 0x00007ffc2f0bd000 	C:\Windows\SYSTEM32\WINMMBASE.dll
0x00007ffc31be0000 - 0x00007ffc31c2a000 	C:\Windows\System32\cfgmgr32.dll
0x00007ffc2d9b0000 - 0x00007ffc2d9bf000 	C:\Program Files\Java\jdk1.8.0_241\jre\bin\verify.dll
0x00007ffc1ce80000 - 0x00007ffc1cea9000 	C:\Program Files\Java\jdk1.8.0_241\jre\bin\java.dll
0x00007ffc10260000 - 0x00007ffc10295000 	C:\Program Files\Java\jdk1.8.0_241\jre\bin\jdwp.dll
0x00007ffc24b60000 - 0x00007ffc24b68000 	C:\Program Files\Java\jdk1.8.0_241\jre\bin\npt.dll
0x00007ffc10230000 - 0x00007ffc10253000 	C:\Program Files\Java\jdk1.8.0_241\jre\bin\instrument.dll
0x00007ffc1ce60000 - 0x00007ffc1ce76000 	C:\Program Files\Java\jdk1.8.0_241\jre\bin\zip.dll
0x00007ffc33840000 - 0x00007ffc34d34000 	C:\Windows\System32\SHELL32.dll
0x00007ffc33180000 - 0x00007ffc33228000 	C:\Windows\System32\shcore.dll
0x00007ffc313f0000 - 0x00007ffc31b3d000 	C:\Windows\System32\windows.storage.dll
0x00007ffc31120000 - 0x00007ffc31144000 	C:\Windows\System32\profapi.dll
0x00007ffc31190000 - 0x00007ffc311ed000 	C:\Windows\System32\powrprof.dll
0x00007ffc32920000 - 0x00007ffc32972000 	C:\Windows\System32\shlwapi.dll
0x00007ffc31150000 - 0x00007ffc31161000 	C:\Windows\System32\kernel.appcore.dll
0x00007ffc313d0000 - 0x00007ffc313e7000 	C:\Windows\System32\cryptsp.dll
0x00007ffc1fe50000 - 0x00007ffc1fe59000 	C:\Program Files\Java\jdk1.8.0_241\jre\bin\dt_socket.dll
0x00007ffc1f2b0000 - 0x00007ffc1f2c6000 	C:\Windows\system32\napinsp.dll
0x00007ffc1d0a0000 - 0x00007ffc1d0ba000 	C:\Windows\system32\pnrpnsp.dll
0x00007ffc30930000 - 0x00007ffc30997000 	C:\Windows\System32\mswsock.dll
0x00007ffc30690000 - 0x00007ffc30756000 	C:\Windows\SYSTEM32\DNSAPI.dll
0x00007ffc32f20000 - 0x00007ffc32f28000 	C:\Windows\System32\NSI.dll
0x00007ffc30650000 - 0x00007ffc3068d000 	C:\Windows\SYSTEM32\IPHLPAPI.DLL
0x00007ffc2d960000 - 0x00007ffc2d96e000 	C:\Windows\System32\winrnr.dll
0x00007ffc2d970000 - 0x00007ffc2d98b000 	C:\Windows\system32\NLAapi.dll
0x00007ffc1c4a0000 - 0x00007ffc1c4b5000 	C:\Windows\system32\wshbth.dll
0x00007ffc29810000 - 0x00007ffc29889000 	C:\Windows\System32\fwpuclnt.dll
0x00007ffc311f0000 - 0x00007ffc31216000 	C:\Windows\System32\bcrypt.dll
0x00007ffc29120000 - 0x00007ffc2912a000 	C:\Windows\System32\rasadhlp.dll
0x00007ffc1fb20000 - 0x00007ffc1fd0d000 	C:\Windows\SYSTEM32\dbghelp.dll

VM Arguments:
jvm_args: -agentlib:jdwp=transport=dt_socket,suspend=y,address=localhost:49912 -javaagent:C:\eclipseavd\configuration\org.eclipse.osgi\411\0\.cp\lib\javaagent-shaded.jar -Dfile.encoding=UTF-8 
java_command: ForTest18
java_class_path (initial): C:\Repositories\javaking\RepeatExam\bin;C:\eclipseavd\configuration\org.eclipse.osgi\411\0\.cp\lib\javaagent-shaded.jar
Launcher Type: SUN_STANDARD

Environment Variables:
JAVA_HOME=C:\Program Files\Java\jdk1.8.0_241
PATH=C:\Program Files\Java\jdk1.8.0_241\jre\bin;C:/Program Files/Java/jre1.8.0_241/bin/server;C:/Program Files/Java/jre1.8.0_241/bin;C:/Program Files/Java/jre1.8.0_241/lib/amd64;C:\Program Files (x86)\Common Files\Oracle\Java\javapath;C:\Program Files (x86)\Common Files\Intel\Shared Libraries\redist\intel64\compiler;C:\Windows\system32;C:\Windows;C:\Windows\System32\Wbem;C:\Windows\System32\WindowsPowerShell\v1.0\;C:\Windows\System32\OpenSSH\;C:\Program Files\Common Files\Autodesk Shared\;C:\Program Files\Java\jdk1.8.0_241\bin;C:\Users\TJ\AppData\Local\Microsoft\WindowsApps;;C:\eclipseavd;
USERNAME=TJ
OS=Windows_NT
PROCESSOR_IDENTIFIER=Intel64 Family 6 Model 158 Stepping 9, GenuineIntel



---------------  S Y S T E M  ---------------

OS: Windows 10.0 , 64 bit Build 17763 (10.0.17763.475)

CPU:total 4 (initial active 4) (4 cores per cpu, 1 threads per core) family 6 model 158 stepping 9, cmov, cx8, fxsr, mmx, sse, sse2, sse3, ssse3, sse4.1, sse4.2, popcnt, avx, avx2, aes, clmul, erms, 3dnowpref, lzcnt, tsc, tscinvbit, bmi1, bmi2, adx

Memory: 4k page, physical 8352956k(5261828k free), swap 9663676k(1978572k free)

vm_info: Java HotSpot(TM) 64-Bit Server VM (25.241-b07) for windows-amd64 JRE (1.8.0_241-b07), built on Dec 11 2019 10:21:40 by "rejava" with MS VC++ 10.0 (VS2010)

time: Fri Feb 14 16:39:06 2020
timezone: 대한민국 표준시
elapsed time: 1786 seconds (0d 0h 29m 46s)

